<?xml version="1.0" encoding="UTF-8"?>
<coverage generated="1782306105649" clover="3.2.0">
  <project timestamp="1782306105649" name="All files">
    <metrics statements="78" coveredstatements="69" conditionals="37" coveredconditionals="34" methods="7" coveredmethods="7" elements="122" coveredelements="110" complexity="0" loc="78" ncloc="78" packages="1" files="2" classes="2"/>
    <file name="calculator.js" path="/Users/hamid/Documents/Lab/Ecole/calculatorapi-js/src/calculator.js">
      <metrics statements="7" coveredstatements="7" conditionals="2" coveredconditionals="2" methods="4" coveredmethods="4"/>
      <line num="3" count="13" type="stmt"/>
      <line num="7" count="8" type="stmt"/>
      <line num="11" count="9" type="stmt"/>
      <line num="15" count="11" type="cond" truecount="2" falsecount="0"/>
      <line num="16" count="2" type="stmt"/>
      <line num="18" count="9" type="stmt"/>
      <line num="22" count="2" type="stmt"/>
    </file>
    <file name="server.js" path="/Users/hamid/Documents/Lab/Ecole/calculatorapi-js/src/server.js">
      <metrics statements="71" coveredstatements="62" conditionals="35" coveredconditionals="32" methods="3" coveredmethods="3"/>
      <line num="1" count="1" type="stmt"/>
      <line num="2" count="1" type="stmt"/>
      <line num="3" count="1" type="stmt"/>
      <line num="4" count="1" type="stmt"/>
      <line num="6" count="1" type="stmt"/>
      <line num="7" count="1" type="stmt"/>
      <line num="10" count="32" type="stmt"/>
      <line num="11" count="32" type="stmt"/>
      <line num="12" count="32" type="stmt"/>
      <line num="14" count="32" type="cond" truecount="2" falsecount="0"/>
      <line num="15" count="1" type="stmt"/>
      <line num="16" count="1" type="stmt"/>
      <line num="17" count="1" type="stmt"/>
      <line num="20" count="31" type="cond" truecount="1" falsecount="1"/>
      <line num="22" count="31" type="cond" truecount="4" falsecount="0"/>
      <line num="23" count="1" type="cond" truecount="1" falsecount="1"/>
      <line num="24" count="0" type="stmt"/>
      <line num="25" count="0" type="stmt"/>
      <line num="26" count="0" type="stmt"/>
      <line num="27" count="0" type="stmt"/>
      <line num="28" count="0" type="stmt"/>
      <line num="31" count="1" type="stmt"/>
      <line num="32" count="1" type="stmt"/>
      <line num="33" count="1" type="cond" truecount="1" falsecount="1"/>
      <line num="34" count="0" type="stmt"/>
      <line num="35" count="0" type="stmt"/>
      <line num="36" count="0" type="stmt"/>
      <line num="37" count="0" type="stmt"/>
      <line num="39" count="1" type="stmt"/>
      <line num="40" count="1" type="stmt"/>
      <line num="41" count="1" type="stmt"/>
      <line num="43" count="1" type="stmt"/>
      <line num="46" count="30" type="stmt"/>
      <line num="48" count="30" type="cond" truecount="2" falsecount="0"/>
      <line num="49" count="2" type="stmt"/>
      <line num="50" count="2" type="stmt"/>
      <line num="51" count="2" type="stmt"/>
      <line num="52" count="2" type="stmt"/>
      <line num="55" count="28" type="cond" truecount="2" falsecount="0"/>
      <line num="56" count="3" type="stmt"/>
      <line num="57" count="3" type="stmt"/>
      <line num="58" count="3" type="stmt"/>
      <line num="61" count="25" type="stmt"/>
      <line num="62" count="25" type="stmt"/>
      <line num="63" count="25" type="stmt"/>
      <line num="65" count="25" type="cond" truecount="5" falsecount="0"/>
      <line num="66" count="4" type="stmt"/>
      <line num="67" count="4" type="stmt"/>
      <line num="68" count="4" type="stmt"/>
      <line num="71" count="21" type="stmt"/>
      <line num="72" count="21" type="stmt"/>
      <line num="74" count="21" type="cond" truecount="4" falsecount="0"/>
      <line num="75" count="4" type="stmt"/>
      <line num="76" count="4" type="stmt"/>
      <line num="77" count="4" type="stmt"/>
      <line num="80" count="17" type="cond" truecount="2" falsecount="0"/>
      <line num="81" count="1" type="stmt"/>
      <line num="82" count="1" type="stmt"/>
      <line num="83" count="1" type="stmt"/>
      <line num="86" count="16" type="stmt"/>
      <line num="88" count="16" type="cond" truecount="2" falsecount="0"/>
      <line num="89" count="16" type="cond" truecount="2" falsecount="0"/>
      <line num="90" count="16" type="cond" truecount="2" falsecount="0"/>
      <line num="91" count="16" type="cond" truecount="2" falsecount="0"/>
      <line num="93" count="15" type="stmt"/>
      <line num="94" count="15" type="stmt"/>
      <line num="96" count="1" type="stmt"/>
      <line num="97" count="1" type="stmt"/>
      <line num="101" count="1" type="stmt"/>
      <line num="104" count="1" type="stmt"/>
      <line num="114" count="1" type="stmt"/>
    </file>
  </project>
</coverage>
