{"/Users/hamid/Documents/Lab/Ecole/calculatorapi-js/src/calculator.js": {"path":"/Users/hamid/Documents/Lab/Ecole/calculatorapi-js/src/calculator.js","statementMap":{"0":{"start":{"line":3,"column":4},"end":{"line":3,"column":17}},"1":{"start":{"line":7,"column":4},"end":{"line":7,"column":17}},"2":{"start":{"line":11,"column":4},"end":{"line":11,"column":17}},"3":{"start":{"line":15,"column":4},"end":{"line":17,"column":5}},"4":{"start":{"line":16,"column":6},"end":{"line":16,"column":55}},"5":{"start":{"line":18,"column":4},"end":{"line":18,"column":17}},"6":{"start":{"line":22,"column":0},"end":{"line":22,"column":28}}},"fnMap":{"0":{"name":"(anonymous_0)","decl":{"start":{"line":2,"column":2},"end":{"line":2,"column":3}},"loc":{"start":{"line":2,"column":12},"end":{"line":4,"column":3}},"line":2},"1":{"name":"(anonymous_1)","decl":{"start":{"line":6,"column":2},"end":{"line":6,"column":3}},"loc":{"start":{"line":6,"column":17},"end":{"line":8,"column":3}},"line":6},"2":{"name":"(anonymous_2)","decl":{"start":{"line":10,"column":2},"end":{"line":10,"column":3}},"loc":{"start":{"line":10,"column":17},"end":{"line":12,"column":3}},"line":10},"3":{"name":"(anonymous_3)","decl":{"start":{"line":14,"column":2},"end":{"line":14,"column":3}},"loc":{"start":{"line":14,"column":15},"end":{"line":19,"column":3}},"line":14}},"branchMap":{"0":{"loc":{"start":{"line":15,"column":4},"end":{"line":17,"column":5}},"type":"if","locations":[{"start":{"line":15,"column":4},"end":{"line":17,"column":5}},{"start":{},"end":{}}],"line":15}},"s":{"0":13,"1":8,"2":9,"3":11,"4":2,"5":9,"6":2},"f":{"0":13,"1":8,"2":9,"3":11},"b":{"0":[2,9]},"_coverageSchema":"1a1c01bbd47fc00a2c39e90264f33305004495a9","hash":"1d6149f639005245168959bd439110cdaebd02cf"}
,"/Users/hamid/Documents/Lab/Ecole/calculatorapi-js/src/server.js": {"path":"/Users/hamid/Documents/Lab/Ecole/calculatorapi-js/src/server.js","statementMap":{"0":{"start":{"line":1,"column":13},"end":{"line":1,"column":28}},"1":{"start":{"line":2,"column":11},"end":{"line":2,"column":24}},"2":{"start":{"line":3,"column":13},"end":{"line":3,"column":28}},"3":{"start":{"line":4,"column":19},"end":{"line":4,"column":42}},"4":{"start":{"line":6,"column":13},"end":{"line":6,"column":17}},"5":{"start":{"line":7,"column":13},"end":{"line":7,"column":29}},"6":{"start":{"line":10,"column":2},"end":{"line":10,"column":52}},"7":{"start":{"line":11,"column":2},"end":{"line":11,"column":64}},"8":{"start":{"line":12,"column":2},"end":{"line":12,"column":79}},"9":{"start":{"line":14,"column":2},"end":{"line":18,"column":3}},"10":{"start":{"line":15,"column":4},"end":{"line":15,"column":25}},"11":{"start":{"line":16,"column":4},"end":{"line":16,"column":14}},"12":{"start":{"line":17,"column":4},"end":{"line":17,"column":11}},"13":{"start":{"line":20,"column":20},"end":{"line":20,"column":81}},"14":{"start":{"line":22,"column":2},"end":{"line":44,"column":3}},"15":{"start":{"line":23,"column":4},"end":{"line":29,"column":5}},"16":{"start":{"line":24,"column":6},"end":{"line":24,"column":27}},"17":{"start":{"line":25,"column":6},"end":{"line":25,"column":45}},"18":{"start":{"line":26,"column":6},"end":{"line":26,"column":71}},"19":{"start":{"line":27,"column":6},"end":{"line":27,"column":81}},"20":{"start":{"line":28,"column":6},"end":{"line":28,"column":13}},"21":{"start":{"line":31,"column":21},"end":{"line":31,"column":74}},"22":{"start":{"line":32,"column":4},"end":{"line":42,"column":7}},"23":{"start":{"line":33,"column":6},"end":{"line":38,"column":7}},"24":{"start":{"line":34,"column":8},"end":{"line":34,"column":29}},"25":{"start":{"line":35,"column":8},"end":{"line":35,"column":73}},"26":{"start":{"line":36,"column":8},"end":{"line":36,"column":73}},"27":{"start":{"line":37,"column":8},"end":{"line":37,"column":15}},"28":{"start":{"line":39,"column":6},"end":{"line":39,"column":27}},"29":{"start":{"line":40,"column":6},"end":{"line":40,"column":64}},"30":{"start":{"line":41,"column":6},"end":{"line":41,"column":23}},"31":{"start":{"line":43,"column":4},"end":{"line":43,"column":11}},"32":{"start":{"line":46,"column":2},"end":{"line":46,"column":67}},"33":{"start":{"line":48,"column":2},"end":{"line":53,"column":3}},"34":{"start":{"line":49,"column":4},"end":{"line":49,"column":25}},"35":{"start":{"line":50,"column":4},"end":{"line":50,"column":43}},"36":{"start":{"line":51,"column":4},"end":{"line":51,"column":79}},"37":{"start":{"line":52,"column":4},"end":{"line":52,"column":11}},"38":{"start":{"line":55,"column":2},"end":{"line":59,"column":3}},"39":{"start":{"line":56,"column":4},"end":{"line":56,"column":25}},"40":{"start":{"line":57,"column":4},"end":{"line":57,"column":61}},"41":{"start":{"line":58,"column":4},"end":{"line":58,"column":11}},"42":{"start":{"line":61,"column":20},"end":{"line":61,"column":59}},"43":{"start":{"line":62,"column":12},"end":{"line":62,"column":43}},"44":{"start":{"line":63,"column":12},"end":{"line":63,"column":43}},"45":{"start":{"line":65,"column":2},"end":{"line":69,"column":3}},"46":{"start":{"line":66,"column":4},"end":{"line":66,"column":25}},"47":{"start":{"line":67,"column":4},"end":{"line":67,"column":80}},"48":{"start":{"line":68,"column":4},"end":{"line":68,"column":11}},"49":{"start":{"line":71,"column":15},"end":{"line":71,"column":24}},"50":{"start":{"line":72,"column":15},"end":{"line":72,"column":24}},"51":{"start":{"line":74,"column":2},"end":{"line":78,"column":3}},"52":{"start":{"line":75,"column":4},"end":{"line":75,"column":25}},"53":{"start":{"line":76,"column":4},"end":{"line":76,"column":90}},"54":{"start":{"line":77,"column":4},"end":{"line":77,"column":11}},"55":{"start":{"line":80,"column":2},"end":{"line":84,"column":3}},"56":{"start":{"line":81,"column":4},"end":{"line":81,"column":25}},"57":{"start":{"line":82,"column":4},"end":{"line":82,"column":105}},"58":{"start":{"line":83,"column":4},"end":{"line":83,"column":11}},"59":{"start":{"line":86,"column":2},"end":{"line":98,"column":3}},"60":{"start":{"line":88,"column":4},"end":{"line":88,"column":59}},"61":{"start":{"line":88,"column":29},"end":{"line":88,"column":59}},"62":{"start":{"line":89,"column":4},"end":{"line":89,"column":69}},"63":{"start":{"line":89,"column":34},"end":{"line":89,"column":69}},"64":{"start":{"line":90,"column":4},"end":{"line":90,"column":69}},"65":{"start":{"line":90,"column":34},"end":{"line":90,"column":69}},"66":{"start":{"line":91,"column":4},"end":{"line":91,"column":65}},"67":{"start":{"line":91,"column":32},"end":{"line":91,"column":65}},"68":{"start":{"line":93,"column":4},"end":{"line":93,"column":25}},"69":{"start":{"line":94,"column":4},"end":{"line":94,"column":69}},"70":{"start":{"line":96,"column":4},"end":{"line":96,"column":25}},"71":{"start":{"line":97,"column":4},"end":{"line":97,"column":54}},"72":{"start":{"line":101,"column":15},"end":{"line":101,"column":48}},"73":{"start":{"line":104,"column":2},"end":{"line":104,"column":22}},"74":{"start":{"line":114,"column":0},"end":{"line":114,"column":57}}},"fnMap":{"0":{"name":"requestHandler","decl":{"start":{"line":9,"column":9},"end":{"line":9,"column":23}},"loc":{"start":{"line":9,"column":34},"end":{"line":99,"column":1}},"line":9},"1":{"name":"(anonymous_1)","decl":{"start":{"line":32,"column":26},"end":{"line":32,"column":27}},"loc":{"start":{"line":32,"column":44},"end":{"line":42,"column":5}},"line":32},"2":{"name":"startServer","decl":{"start":{"line":103,"column":9},"end":{"line":103,"column":20}},"loc":{"start":{"line":103,"column":23},"end":{"line":105,"column":1}},"line":103}},"branchMap":{"0":{"loc":{"start":{"line":14,"column":2},"end":{"line":18,"column":3}},"type":"if","locations":[{"start":{"line":14,"column":2},"end":{"line":18,"column":3}},{"start":{},"end":{}}],"line":14},"1":{"loc":{"start":{"line":20,"column":47},"end":{"line":20,"column":78}},"type":"binary-expr","locations":[{"start":{"line":20,"column":47},"end":{"line":20,"column":63}},{"start":{"line":20,"column":67},"end":{"line":20,"column":78}}],"line":20},"2":{"loc":{"start":{"line":22,"column":2},"end":{"line":44,"column":3}},"type":"if","locations":[{"start":{"line":22,"column":2},"end":{"line":44,"column":3}},{"start":{},"end":{}}],"line":22},"3":{"loc":{"start":{"line":22,"column":6},"end":{"line":22,"column":72}},"type":"binary-expr","locations":[{"start":{"line":22,"column":6},"end":{"line":22,"column":32}},{"start":{"line":22,"column":36},"end":{"line":22,"column":72}}],"line":22},"4":{"loc":{"start":{"line":23,"column":4},"end":{"line":29,"column":5}},"type":"if","locations":[{"start":{"line":23,"column":4},"end":{"line":29,"column":5}},{"start":{},"end":{}}],"line":23},"5":{"loc":{"start":{"line":33,"column":6},"end":{"line":38,"column":7}},"type":"if","locations":[{"start":{"line":33,"column":6},"end":{"line":38,"column":7}},{"start":{},"end":{}}],"line":33},"6":{"loc":{"start":{"line":48,"column":2},"end":{"line":53,"column":3}},"type":"if","locations":[{"start":{"line":48,"column":2},"end":{"line":53,"column":3}},{"start":{},"end":{}}],"line":48},"7":{"loc":{"start":{"line":55,"column":2},"end":{"line":59,"column":3}},"type":"if","locations":[{"start":{"line":55,"column":2},"end":{"line":59,"column":3}},{"start":{},"end":{}}],"line":55},"8":{"loc":{"start":{"line":65,"column":2},"end":{"line":69,"column":3}},"type":"if","locations":[{"start":{"line":65,"column":2},"end":{"line":69,"column":3}},{"start":{},"end":{}}],"line":65},"9":{"loc":{"start":{"line":65,"column":6},"end":{"line":65,"column":44}},"type":"binary-expr","locations":[{"start":{"line":65,"column":6},"end":{"line":65,"column":16}},{"start":{"line":65,"column":20},"end":{"line":65,"column":30}},{"start":{"line":65,"column":34},"end":{"line":65,"column":44}}],"line":65},"10":{"loc":{"start":{"line":74,"column":2},"end":{"line":78,"column":3}},"type":"if","locations":[{"start":{"line":74,"column":2},"end":{"line":78,"column":3}},{"start":{},"end":{}}],"line":74},"11":{"loc":{"start":{"line":74,"column":6},"end":{"line":74,"column":46}},"type":"binary-expr","locations":[{"start":{"line":74,"column":6},"end":{"line":74,"column":24}},{"start":{"line":74,"column":28},"end":{"line":74,"column":46}}],"line":74},"12":{"loc":{"start":{"line":80,"column":2},"end":{"line":84,"column":3}},"type":"if","locations":[{"start":{"line":80,"column":2},"end":{"line":84,"column":3}},{"start":{},"end":{}}],"line":80},"13":{"loc":{"start":{"line":88,"column":4},"end":{"line":88,"column":59}},"type":"if","locations":[{"start":{"line":88,"column":4},"end":{"line":88,"column":59}},{"start":{},"end":{}}],"line":88},"14":{"loc":{"start":{"line":89,"column":4},"end":{"line":89,"column":69}},"type":"if","locations":[{"start":{"line":89,"column":4},"end":{"line":89,"column":69}},{"start":{},"end":{}}],"line":89},"15":{"loc":{"start":{"line":90,"column":4},"end":{"line":90,"column":69}},"type":"if","locations":[{"start":{"line":90,"column":4},"end":{"line":90,"column":69}},{"start":{},"end":{}}],"line":90},"16":{"loc":{"start":{"line":91,"column":4},"end":{"line":91,"column":65}},"type":"if","locations":[{"start":{"line":91,"column":4},"end":{"line":91,"column":65}},{"start":{},"end":{}}],"line":91}},"s":{"0":1,"1":1,"2":1,"3":1,"4":1,"5":1,"6":32,"7":32,"8":32,"9":32,"10":1,"11":1,"12":1,"13":31,"14":31,"15":1,"16":0,"17":0,"18":0,"19":0,"20":0,"21":1,"22":1,"23":1,"24":0,"25":0,"26":0,"27":0,"28":1,"29":1,"30":1,"31":1,"32":30,"33":30,"34":2,"35":2,"36":2,"37":2,"38":28,"39":3,"40":3,"41":3,"42":25,"43":25,"44":25,"45":25,"46":4,"47":4,"48":4,"49":21,"50":21,"51":21,"52":4,"53":4,"54":4,"55":17,"56":1,"57":1,"58":1,"59":16,"60":16,"61":7,"62":16,"63":2,"64":16,"65":3,"66":16,"67":4,"68":15,"69":15,"70":1,"71":1,"72":1,"73":1,"74":1},"f":{"0":32,"1":1,"2":1},"b":{"0":[1,31],"1":[31,0],"2":[1,30],"3":[31,30],"4":[0,1],"5":[0,1],"6":[2,28],"7":[3,25],"8":[4,21],"9":[25,24,23],"10":[4,17],"11":[21,18],"12":[1,16],"13":[7,9],"14":[2,14],"15":[3,13],"16":[4,12]},"_coverageSchema":"1a1c01bbd47fc00a2c39e90264f33305004495a9","hash":"5582d619d0d3d891316b076db784cbce51935b2e"}
}
