TN:
SF:src/calculator.js
FN:2,(anonymous_0)
FN:6,(anonymous_1)
FN:10,(anonymous_2)
FN:14,(anonymous_3)
FNF:4
FNH:4
FNDA:13,(anonymous_0)
FNDA:8,(anonymous_1)
FNDA:9,(anonymous_2)
FNDA:11,(anonymous_3)
DA:3,13
DA:7,8
DA:11,9
DA:15,11
DA:16,2
DA:18,9
DA:22,2
LF:7
LH:7
BRDA:15,0,0,2
BRDA:15,0,1,9
BRF:2
BRH:2
end_of_record
TN:
SF:src/server.js
FN:9,requestHandler
FN:32,(anonymous_1)
FN:103,startServer
FNF:3
FNH:3
FNDA:32,requestHandler
FNDA:1,(anonymous_1)
FNDA:1,startServer
DA:1,1
DA:2,1
DA:3,1
DA:4,1
DA:6,1
DA:7,1
DA:10,32
DA:11,32
DA:12,32
DA:14,32
DA:15,1
DA:16,1
DA:17,1
DA:20,31
DA:22,31
DA:23,1
DA:24,0
DA:25,0
DA:26,0
DA:27,0
DA:28,0
DA:31,1
DA:32,1
DA:33,1
DA:34,0
DA:35,0
DA:36,0
DA:37,0
DA:39,1
DA:40,1
DA:41,1
DA:43,1
DA:46,30
DA:48,30
DA:49,2
DA:50,2
DA:51,2
DA:52,2
DA:55,28
DA:56,3
DA:57,3
DA:58,3
DA:61,25
DA:62,25
DA:63,25
DA:65,25
DA:66,4
DA:67,4
DA:68,4
DA:71,21
DA:72,21
DA:74,21
DA:75,4
DA:76,4
DA:77,4
DA:80,17
DA:81,1
DA:82,1
DA:83,1
DA:86,16
DA:88,16
DA:89,16
DA:90,16
DA:91,16
DA:93,15
DA:94,15
DA:96,1
DA:97,1
DA:101,1
DA:104,1
DA:114,1
LF:71
LH:62
BRDA:14,0,0,1
BRDA:14,0,1,31
BRDA:20,1,0,31
BRDA:20,1,1,0
BRDA:22,2,0,1
BRDA:22,2,1,30
BRDA:22,3,0,31
BRDA:22,3,1,30
BRDA:23,4,0,0
BRDA:23,4,1,1
BRDA:33,5,0,0
BRDA:33,5,1,1
BRDA:48,6,0,2
BRDA:48,6,1,28
BRDA:55,7,0,3
BRDA:55,7,1,25
BRDA:65,8,0,4
BRDA:65,8,1,21
BRDA:65,9,0,25
BRDA:65,9,1,24
BRDA:65,9,2,23
BRDA:74,10,0,4
BRDA:74,10,1,17
BRDA:74,11,0,21
BRDA:74,11,1,18
BRDA:80,12,0,1
BRDA:80,12,1,16
BRDA:88,13,0,7
BRDA:88,13,1,9
BRDA:89,14,0,2
BRDA:89,14,1,14
BRDA:90,15,0,3
BRDA:90,15,1,13
BRDA:91,16,0,4
BRDA:91,16,1,12
BRF:35
BRH:32
end_of_record
